{"name":"FLP","hostname":"x441uv","pid":5968,"level":30,"version":"4.4.1","build":"7138","msg":"Starting license server.","time":"2018-08-04T14:26:48.452Z","v":0}
{"name":"FLP","hostname":"x441uv","pid":5968,"level":20,"msg":"Initializing workstation.","time":"2018-08-04T14:26:48.592Z","v":0}
{"name":"FLP","hostname":"x441uv","pid":5968,"level":20,"msg":"Configuring HTTP server.","time":"2018-08-04T14:26:48.599Z","v":0}
{"name":"FLP","hostname":"x441uv","pid":5968,"level":30,"msg":"License server running at //0.0.0.0:30304.","time":"2018-08-04T14:26:48.609Z","v":0}
{"name":"FLP","hostname":"x441uv","pid":5968,"level":30,"msg":"Initializing basic UI HTTP routes.","time":"2018-08-04T14:26:48.610Z","v":0}
{"name":"FLP","hostname":"x441uv","pid":5968,"level":40,"err":null,"msg":"Failed identifying OS.","time":"2018-08-04T14:26:48.625Z","v":0}
{"name":"FLP","hostname":"x441uv","pid":5968,"level":30,"msg":"Loading workstation configuration.","time":"2018-08-04T14:26:48.625Z","v":0}
{"name":"FLP","hostname":"x441uv","pid":5968,"level":20,"msg":"License Server running under Unknown OS","time":"2018-08-04T14:26:48.625Z","v":0}
{"name":"FLP","hostname":"x441uv","pid":5968,"level":20,"msg":"Hardware configuration loaded.","time":"2018-08-04T14:26:48.638Z","v":0}
{"name":"FLP","hostname":"x441uv","pid":5968,"level":40,"err":{"message":"ENOENT: no such file or directory, open '/home/user/Proyectos/unpacker/vrol-git/lin-unpack/ssl/cert.csr'","name":"Error","stack":"Error: ENOENT: no such file or directory, open '/home/user/Proyectos/unpacker/vrol-git/lin-unpack/ssl/cert.csr'\n    at Error (native)","code":"ENOENT"},"msg":"Private key and CSR not found, generating.","time":"2018-08-04T14:26:48.639Z","v":0}
{"name":"FLP","hostname":"x441uv","pid":5968,"level":20,"msg":"Private key and CSR generated.","time":"2018-08-04T14:26:51.859Z","v":0}
{"name":"FLP","hostname":"x441uv","pid":5968,"level":20,"msg":"CSR loaded.","time":"2018-08-04T14:26:51.859Z","v":0}
{"name":"FLP","hostname":"x441uv","pid":5968,"level":20,"msg":"Private key loaded.","time":"2018-08-04T14:26:51.866Z","v":0}
{"name":"FLP","hostname":"x441uv","pid":5968,"level":20,"msg":"Workstation configuration loaded.","time":"2018-08-04T14:26:51.866Z","v":0}
{"name":"FLP","hostname":"x441uv","pid":5968,"level":40,"err":{"message":"ENOENT: no such file or directory, open '/home/user/Proyectos/unpacker/vrol-git/lin-unpack/ssl/cert.crt'","name":"Error","stack":"Error: ENOENT: no such file or directory, open '/home/user/Proyectos/unpacker/vrol-git/lin-unpack/ssl/cert.crt'\n    at Error (native)","code":"ENOENT"},"msg":"Failed to read certificate.","time":"2018-08-04T14:26:51.867Z","v":0}
{"name":"FLP","hostname":"x441uv","pid":5968,"level":20,"msg":"Workstation initialized.","time":"2018-08-04T14:26:51.867Z","v":0}
{"name":"FLP","hostname":"x441uv","pid":5968,"level":20,"msg":"Starting dongle subsystem monitoring.","time":"2018-08-04T14:26:51.868Z","v":0}
{"name":"FLP","hostname":"x441uv","pid":5968,"level":30,"path":"/home/user/Proyectos/unpacker/vrol-git/lin-unpack/bin/vrlservice.bin","msg":"Dongle subsystem enabled, starting vrlservice.","time":"2018-08-04T14:26:51.868Z","v":0}
{"name":"FLP","hostname":"x441uv","pid":5968,"level":30,"path":"/home/user/Proyectos/unpacker/vrol-git/lin-unpack/bin/vrlservice.bin","msg":"vrlservice started.","time":"2018-08-04T14:26:51.873Z","v":0}
{"name":"FLP","hostname":"x441uv","pid":5968,"level":20,"msg":"Starting offline subsystem monitoring.","time":"2018-08-04T14:26:51.880Z","v":0}
{"name":"FLP","hostname":"x441uv","pid":5968,"level":20,"msg":"Starting online subsystem monitoring.","time":"2018-08-04T14:26:51.881Z","v":0}
{"name":"FLP","hostname":"x441uv","pid":5968,"level":30,"msg":"Acquired lockfile /tmp/FLP.lock","time":"2018-08-04T14:26:51.885Z","v":0}
{"name":"FLP","hostname":"x441uv","pid":5968,"level":50,"err":{"message":"spawn /home/user/Proyectos/unpacker/vrol-git/lin-unpack/bin/vrlservice.bin ENOENT","name":"Error","stack":"Error: spawn /home/user/Proyectos/unpacker/vrol-git/lin-unpack/bin/vrlservice.bin ENOENT\n    at exports._errnoException (util.js:1026:11)\n    at Process.ChildProcess._handle.onexit (internal/child_process.js:193:32)\n    at onErrorNT (internal/child_process.js:359:16)\n    at _combinedTickCallback (internal/process/next_tick.js:74:11)\n    at process._tickCallback (internal/process/next_tick.js:98:9)","code":"ENOENT"},"msg":"vrlservice encountered an error.","time":"2018-08-04T14:26:51.886Z","v":0}
{"name":"FLP","hostname":"x441uv","pid":5968,"level":50,"msg":"vrlservice monitor has crashed (too many restarts or spawn error).","time":"2018-08-04T14:26:51.887Z","v":0}
{"name":"FLP","hostname":"x441uv","pid":5968,"level":30,"msg":"Initializing API HTTP routes.","time":"2018-08-04T14:26:51.898Z","v":0}
{"name":"FLP","hostname":"x441uv","pid":5968,"level":30,"err":{"message":"ENOENT: no such file or directory, open '/home/user/Proyectos/unpacker/vrol-git/lin-unpack/bundles.json'","name":"Error","stack":"Error: ENOENT: no such file or directory, open '/home/user/Proyectos/unpacker/vrol-git/lin-unpack/bundles.json'\n    at Error (native)\n    at Object.fs.openSync (fs.js:640:18)\n    at Object.module.(anonymous function) [as openSync] (cg_nar.js:423:16)\n    at Object.fs.readFileSync (fs.js:508:33)\n    at Object.fs.readFileSync (cg_nar.js:772:25)\n    at d.value (/home/user/Proyectos/unpacker/vrol-git/lin-unpack/bundles.js:1:5079)\n    at ontimeout (timers.js:365:14)\n    at tryOnTimeout (timers.js:237:5)\n    at Timer.listOnTimeout (timers.js:207:5)","code":"ENOENT"},"msg":"bundle.json not found.","time":"2018-08-04T14:27:01.905Z","v":0}
{"name":"FLP","hostname":"x441uv","pid":5968,"level":30,"msg":"SIGINT signal received.","time":"2018-08-04T14:27:10.688Z","v":0}
{"name":"FLP","hostname":"x441uv","pid":5968,"level":30,"msg":"Shutting down.","time":"2018-08-04T14:27:10.688Z","v":0}
{"name":"FLP","hostname":"x441uv","pid":5968,"level":30,"msg":"Released lockfile /tmp/FLP.lock","time":"2018-08-04T14:27:10.713Z","v":0}
